#
# There is insufficient memory for the Java Runtime Environment to continue.
# Native memory allocation (malloc) failed to allocate 1207536 bytes for Chunk::new
# Possible reasons:
#   The system is out of physical RAM or swap space
#   The process is running with CompressedOops enabled, and the Java Heap may be blocking the growth of the native heap
# Possible solutions:
#   Reduce memory load on the system
#   Increase physical memory or swap space
#   Check if swap backing store is full
#   Decrease Java heap size (-Xmx/-Xms)
#   Decrease number of Java threads
#   Decrease Java thread stack sizes (-Xss)
#   Set larger code cache with -XX:ReservedCodeCacheSize=
#   JVM is running with Unscaled Compressed Oops mode in which the Java heap is
#     placed in the first 4GB address space. The Java Heap base address is the
#     maximum limit for the native heap growth. Please use -XX:HeapBaseMinAddress
#     to set the Java Heap base and to place the Java Heap above 4GB virtual address.
# This output file may be truncated or incomplete.
#
#  Out of Memory Error (allocation.cpp:389), pid=3820, tid=0x0000000000000608
#
# JRE version: OpenJDK Runtime Environment (8.0_212-b04) (build 1.8.0_212-release-1586-b04)
# Java VM: OpenJDK 64-Bit Server VM (25.212-b04 mixed mode windows-amd64 compressed oops)
# Failed to write core dump. Minidumps are not enabled by default on client versions of Windows
#

---------------  T H R E A D  ---------------

Current thread (0x00000000183a2000):  JavaThread "C2 CompilerThread1" daemon [_thread_in_native, id=1544, stack(0x0000000018d80000,0x0000000018e80000)]

Stack: [0x0000000018d80000,0x0000000018e80000]
[error occurred during error reporting (printing stack bounds), id 0xc0000005]

Native frames: (J=compiled Java code, j=interpreted, Vv=VM code, C=native code)


Current CompileTask:
C2:4054813 69769       4       com.android.tools.r8.ir.optimize.d0::a (1244 bytes)


---------------  P R O C E S S  ---------------

Java Threads: ( => current thread )
  0x000000001e24c000 JavaThread "WorkerExecutor Queue Thread 11" [_thread_blocked, id=1912, stack(0x0000000052ed0000,0x0000000052fd0000)]
  0x000000001e24a800 JavaThread "WorkerExecutor Queue Thread 10" [_thread_blocked, id=8804, stack(0x00000000409a0000,0x0000000040aa0000)]
  0x000000001e240800 JavaThread "Cache worker for Java compile cache (C:\Users\di\Downloads\excel-help-android-master\PromoApp\.gradle\5.6.4\javaCompile)" [_thread_blocked, id=11668, stack(0x000000003f4d0000,0x000000003f5d0000)]
  0x000000001e24b000 JavaThread "WorkerExecutor Queue Thread 9" [_thread_blocked, id=8632, stack(0x00000000528d0000,0x00000000529d0000)]
  0x000000001e23f000 JavaThread "ForkJoinPool.commonPool-worker-5" daemon [_thread_blocked, id=9284, stack(0x0000000051a60000,0x0000000051b60000)]
  0x0000000032c20000 JavaThread "ForkJoinPool.commonPool-worker-4" daemon [_thread_blocked, id=8272, stack(0x000000004fd10000,0x000000004fe10000)]
  0x0000000032c24800 JavaThread "ForkJoinPool.commonPool-worker-3" daemon [_thread_blocked, id=2148, stack(0x000000004bcd0000,0x000000004bdd0000)]
  0x0000000032c20800 JavaThread "ForkJoinPool.commonPool-worker-2" daemon [_thread_blocked, id=4404, stack(0x00000000410e0000,0x00000000411e0000)]
  0x0000000032c23800 JavaThread "stdout" [_thread_in_native, id=7100, stack(0x000000004bbd0000,0x000000004bcd0000)]
  0x0000000032c23000 JavaThread "stderr" [_thread_in_native, id=1388, stack(0x000000004bad0000,0x000000004bbd0000)]
  0x0000000032c1b800 JavaThread "stdout" [_thread_in_native, id=9968, stack(0x000000004b8d0000,0x000000004b9d0000)]
  0x0000000032c1a000 JavaThread "stderr" [_thread_in_native, id=12192, stack(0x000000004b7d0000,0x000000004b8d0000)]
  0x00000000253ca000 JavaThread "stdout" [_thread_in_native, id=7440, stack(0x000000004b6d0000,0x000000004b7d0000)]
  0x00000000253c9000 JavaThread "stderr" [_thread_in_native, id=11172, stack(0x000000004b5d0000,0x000000004b6d0000)]
  0x00000000253c1800 JavaThread "stdout" [_thread_in_native, id=11776, stack(0x000000004b2d0000,0x000000004b3d0000)]
  0x00000000253c7800 JavaThread "stderr" [_thread_in_native, id=528, stack(0x000000004b1d0000,0x000000004b2d0000)]
  0x00000000253c0000 JavaThread "stdout" [_thread_in_native, id=684, stack(0x000000004b0d0000,0x000000004b1d0000)]
  0x00000000253c7000 JavaThread "stderr" [_thread_in_native, id=3912, stack(0x0000000040aa0000,0x0000000040ba0000)]
  0x00000000253bf800 JavaThread "stdout" [_thread_in_native, id=7036, stack(0x0000000040fe0000,0x00000000410e0000)]
  0x00000000253c5800 JavaThread "stderr" [_thread_in_native, id=6860, stack(0x0000000040ee0000,0x0000000040fe0000)]
  0x00000000253c4800 JavaThread "stdout" [_thread_in_native, id=8144, stack(0x0000000040de0000,0x0000000040ee0000)]
  0x000000001e11c000 JavaThread "stderr" [_thread_in_native, id=11852, stack(0x0000000040ce0000,0x0000000040de0000)]
  0x000000001e119000 JavaThread "pool-111-thread-1" [_thread_blocked, id=3016, stack(0x0000000040be0000,0x0000000040ce0000)]
  0x000000001e11a800 JavaThread "WorkerExecutor Queue Thread 6" [_thread_blocked, id=1460, stack(0x0000000040180000,0x0000000040280000)]
  0x000000001e11f000 JavaThread "WorkerExecutor Queue Thread 5" [_thread_blocked, id=9116, stack(0x000000003f5d0000,0x000000003f6d0000)]
  0x000000001e111000 JavaThread "WorkerExecutor Queue Thread 3" [_thread_blocked, id=2644, stack(0x000000003f3d0000,0x000000003f4d0000)]
  0x000000001e114800 JavaThread "WorkerExecutor Queue Thread 2" [_thread_blocked, id=5252, stack(0x000000003f2d0000,0x000000003f3d0000)]
  0x0000000032c9f000 JavaThread "WorkerExecutor Queue" [_thread_blocked, id=10668, stack(0x000000003f1d0000,0x000000003f2d0000)]
  0x0000000032c9e800 JavaThread "Cache worker for execution history cache (C:\Users\di\Downloads\excel-help-android-master\PromoApp\.gradle\5.6.4\executionHistory)" [_thread_blocked, id=3076, stack(0x000000003f0d0000,0x000000003f1d0000)]
  0x0000000032ca5000 JavaThread "Execution worker for ':' Thread 7" [_thread_in_Java, id=1740, stack(0x000000003e5d0000,0x000000003e6d0000)]
  0x0000000032ca2000 JavaThread "Execution worker for ':' Thread 6" [_thread_in_Java, id=9424, stack(0x000000003e230000,0x000000003e330000)]
  0x0000000032ca1800 JavaThread "Execution worker for ':' Thread 5" [_thread_in_Java, id=8640, stack(0x000000003af90000,0x000000003b090000)]
  0x0000000032c9d800 JavaThread "Execution worker for ':' Thread 4" [_thread_in_Java, id=9476, stack(0x0000000039be0000,0x0000000039ce0000)]
  0x0000000032ca4800 JavaThread "Execution worker for ':' Thread 3" [_thread_in_Java, id=8148, stack(0x00000000394e0000,0x00000000395e0000)]
  0x0000000032ca0800 JavaThread "Execution worker for ':' Thread 2" [_thread_in_native, id=9256, stack(0x00000000370a0000,0x00000000371a0000)]
  0x0000000032c92000 JavaThread "Execution worker for ':'" [_thread_in_Java, id=8720, stack(0x0000000036ad0000,0x0000000036bd0000)]
  0x0000000032c90000 JavaThread "Cache worker for file content cache (C:\Users\di\Downloads\excel-help-android-master\PromoApp\.gradle\5.6.4\fileContent)" [_thread_blocked, id=11940, stack(0x0000000031670000,0x0000000031770000)]
  0x0000000032c8f000 JavaThread "Cache worker for Build Output Cleanup Cache (C:\Users\di\Downloads\excel-help-android-master\PromoApp\.gradle\buildOutputCleanup)" [_thread_in_native, id=2720, stack(0x0000000030230000,0x0000000030330000)]
  0x0000000032c96000 JavaThread "Build operations Thread 8" [_thread_blocked, id=8776, stack(0x000000002d080000,0x000000002d180000)]
  0x0000000032c93000 JavaThread "Build operations Thread 7" [_thread_blocked, id=7988, stack(0x000000002be50000,0x000000002bf50000)]
  0x0000000032c95000 JavaThread "Build operations Thread 6" [_thread_blocked, id=11312, stack(0x000000002b950000,0x000000002ba50000)]
  0x0000000032c87800 JavaThread "Build operations Thread 5" [_thread_blocked, id=7804, stack(0x000000002b450000,0x000000002b550000)]
  0x0000000032c8d800 JavaThread "Build operations Thread 4" [_thread_blocked, id=10872, stack(0x0000000029f20000,0x000000002a020000)]
  0x0000000032c8a000 JavaThread "Build operations Thread 3" [_thread_blocked, id=6576, stack(0x0000000029020000,0x0000000029120000)]
  0x0000000032c89000 JavaThread "Build operations Thread 2" [_thread_blocked, id=12008, stack(0x0000000025920000,0x0000000025a20000)]
  0x0000000032c8d000 JavaThread "Build operations" [_thread_blocked, id=5868, stack(0x0000000023ca0000,0x0000000023da0000)]
  0x0000000032c8c000 JavaThread "Cache worker for cache directory md-rule (C:\Users\di\.gradle\caches\5.6.4\md-rule)" [_thread_blocked, id=2724, stack(0x00000000235a0000,0x00000000236a0000)]
  0x0000000032c8e800 JavaThread "Cache worker for cache directory md-supplier (C:\Users\di\.gradle\caches\5.6.4\md-supplier)" [_thread_blocked, id=5600, stack(0x0000000022c60000,0x0000000022d60000)]
  0x0000000032c86000 JavaThread "Cache worker for file hash cache (C:\Users\di\Downloads\excel-help-android-master\PromoApp\.gradle\5.6.4\fileHashes)" [_thread_blocked, id=4628, stack(0x00000000226e0000,0x00000000227e0000)]
  0x0000000032c88800 JavaThread "Thread-1191" [_thread_blocked, id=11872, stack(0x000000001f250000,0x000000001f350000)]
  0x0000000026640800 JavaThread "Stdin handler" [_thread_blocked, id=6748, stack(0x000000001c9b0000,0x000000001cab0000)]
  0x000000002663f800 JavaThread "Asynchronous log dispatcher for DefaultDaemonConnection: socket connection from /127.0.0.1:3045 to /127.0.0.1:20668" [_thread_in_native, id=8268, stack(0x000000001c4b0000,0x000000001c5b0000)]
  0x0000000026635000 JavaThread "Cancel handler" [_thread_blocked, id=7636, stack(0x0000000000b90000,0x0000000000c90000)]
  0x0000000026637000 JavaThread "Handler for socket connection from /127.0.0.1:3045 to /127.0.0.1:20668" [_thread_in_native, id=11720, stack(0x0000000000a50000,0x0000000000b50000)]
  0x000000001e245000 JavaThread "ForkJoinPool.commonPool-worker-7" daemon [_thread_blocked, id=11716, stack(0x00000000529d0000,0x0000000052ad0000)]
  0x000000001e246000 JavaThread "Daemon worker Thread 11" [_thread_in_Java, id=11988, stack(0x000000001c3b0000,0x000000001c4b0000)]
  0x000000001e23e800 JavaThread "Daemon Thread 11" [_thread_blocked, id=9248, stack(0x0000000000950000,0x0000000000a50000)]
  0x00000000249e7000 JavaThread "MarlinRenderer Disposer" daemon [_thread_blocked, id=7536, stack(0x000000003d100000,0x000000003d200000)]
  0x00000000249e6800 JavaThread "Java2D Disposer" daemon [_thread_blocked, id=10148, stack(0x000000003cf30000,0x000000003d030000)]
  0x0000000026aae000 JavaThread "Cache worker for Java compile cache (C:\Users\di\.gradle\caches\5.6.4\javaCompile)" [_thread_blocked, id=5076, stack(0x0000000030330000,0x0000000030430000)]
  0x00000000253cc000 JavaThread "Cache worker for file content cache (C:\Users\di\.gradle\caches\5.6.4\fileContent)" [_thread_blocked, id=3168, stack(0x000000002c150000,0x000000002c250000)]
  0x0000000020072000 JavaThread "Memory manager" [_thread_blocked, id=536, stack(0x0000000025af0000,0x0000000025bf0000)]
  0x0000000020065800 JavaThread "Cache worker for execution history cache (C:\Users\di\.gradle\caches\5.6.4\executionHistory)" [_thread_blocked, id=7724, stack(0x0000000021010000,0x0000000021110000)]
  0x000000001a523000 JavaThread "Cache worker for journal cache (C:\Users\di\.gradle\caches\journal-1)" [_thread_blocked, id=2516, stack(0x000000001cfb0000,0x000000001d0b0000)]
  0x000000001a528000 JavaThread "File lock request listener" [_thread_in_native, id=3780, stack(0x000000001ceb0000,0x000000001cfb0000)]
  0x000000001adf5000 JavaThread "Cache worker for file hash cache (C:\Users\di\.gradle\caches\5.6.4\fileHashes)" [_thread_blocked, id=9948, stack(0x000000001cdb0000,0x000000001ceb0000)]
  0x000000001ad74800 JavaThread "Daemon periodic checks" [_thread_blocked, id=9924, stack(0x000000001c2b0000,0x000000001c3b0000)]
  0x000000001ad27800 JavaThread "Incoming local TCP Connector on port 3045" [_thread_in_native, id=11028, stack(0x000000001c060000,0x000000001c160000)]
  0x000000001acfa800 JavaThread "Daemon health stats" [_thread_blocked, id=6692, stack(0x000000001ba20000,0x000000001bb20000)]
  0x00000000183d1800 JavaThread "Service Thread" daemon [_thread_blocked, id=10840, stack(0x0000000019080000,0x0000000019180000)]
  0x00000000183b0000 JavaThread "C1 CompilerThread3" daemon [_thread_blocked, id=8944, stack(0x0000000018f80000,0x0000000019080000)]
  0x00000000183a7800 JavaThread "C2 CompilerThread2" daemon [_thread_in_native, id=8328, stack(0x0000000018e80000,0x0000000018f80000)]
=>0x00000000183a2000 JavaThread "C2 CompilerThread1" daemon [_thread_in_native, id=1544, stack(0x0000000018d80000,0x0000000018e80000)]
  0x000000001839f000 JavaThread "C2 CompilerThread0" daemon [_thread_in_native, id=8200, stack(0x0000000018c80000,0x0000000018d80000)]
  0x000000001839e000 JavaThread "Attach Listener" daemon [_thread_blocked, id=10472, stack(0x0000000018b80000,0x0000000018c80000)]
  0x000000001657e000 JavaThread "Signal Dispatcher" daemon [_thread_blocked, id=4444, stack(0x0000000018a80000,0x0000000018b80000)]
  0x00000000027a8800 JavaThread "Finalizer" daemon [_thread_blocked, id=4284, stack(0x0000000018870000,0x0000000018970000)]
  0x000000001656c000 JavaThread "Reference Handler" daemon [_thread_blocked, id=4728, stack(0x0000000018770000,0x0000000018870000)]
  0x0000000000d5d800 JavaThread "main" [_thread_blocked, id=3856, stack(0x0000000002550000,0x0000000002650000)]

Other Threads:
  0x0000000016567800 VMThread [stack: 0x0000000018270000,0x0000000018370000] [id=11192]
  0x00000000183d2000 WatcherThread [stack: 0x0000000019180000,0x0000000019280000] [id=5492]

VM state:not at safepoint (normal execution)

VM Mutex/Monitor currently owned by a thread: None

heap address: 0x00000000a0000000, size: 1536 MB, Compressed Oops mode: 32-bit
Narrow klass base: 0x0000000000000000, Narrow klass shift: 3
Compressed class space size: 1073741824 Address: 0x0000000100000000

Heap:
 PSYoungGen      total 465920K, used 141917K [0x00000000e0000000, 0x00000000ffa00000, 0x0000000100000000)
  eden space 413184K, 32% used [0x00000000e0000000,0x00000000e84de718,0x00000000f9380000)
  from space 52736K, 11% used [0x00000000fc680000,0x00000000fcc38d20,0x00000000ffa00000)
  to   space 52224K, 0% used [0x00000000f9380000,0x00000000f9380000,0x00000000fc680000)
 ParOldGen       total 489984K, used 368807K [0x00000000a0000000, 0x00000000bde80000, 0x00000000e0000000)
  object space 489984K, 75% used [0x00000000a0000000,0x00000000b6829e30,0x00000000bde80000)
 Metaspace       used 371841K, capacity 391969K, committed 410796K, reserved 1406976K
  class space    used 45824K, capacity 49579K, committed 53420K, reserved 1048576K

Card table byte_map: [0x0000000011b70000,0x0000000011e80000] byte_map_base: 0x0000000011670000

Marking Bits: (ParMarkBitMap*) 0x000000005c6f9f30
 Begin Bits: [0x0000000012880000, 0x0000000014080000)
 End Bits:   [0x0000000014080000, 0x0000000015880000)

Polling page: 0x0000000000d60000

CodeCache: size=245760Kb used=175143Kb max_used=176218Kb free=70617Kb
 bounds [0x00000000027b0000, 0x000000000d510000, 0x00000000117b0000]
 total_blobs=51724 nmethods=50570 adapters=1062
 compilation: enabled

Compilation events (10 events):
Event: 4054.726 Thread 0x00000000183b0000 69897 %     3       com.android.tools.r8.u.b.T::u @ 40 (97 bytes)
Event: 4054.728 Thread 0x00000000183b0000 nmethod 69897% 0x000000000cf81f90 code [0x000000000cf822c0, 0x000000000cf83998]
Event: 4054.728 Thread 0x00000000183b0000 69899       3       com.android.tools.r8.u.b.T::u (97 bytes)
Event: 4054.730 Thread 0x00000000183b0000 nmethod 69899 0x000000000d47d0d0 code [0x000000000d47d420, 0x000000000d47ea98]
Event: 4054.769 Thread 0x00000000183b0000 69900       1       com.android.tools.r8.utils.e$b::c (5 bytes)
Event: 4054.769 Thread 0x00000000183b0000 nmethod 69900 0x000000000d47ce10 code [0x000000000d47cf60, 0x000000000d47d070]
Event: 4054.773 Thread 0x00000000183b0000 69901       2       com.android.tools.r8.v.a.a.a.f.A0::isEmpty (13 bytes)
Event: 4054.774 Thread 0x00000000183b0000 nmethod 69901 0x000000000d267790 code [0x000000000d2678e0, 0x000000000d267a50]
Event: 4054.811 Thread 0x00000000183b0000 69902       2       com.android.tools.r8.u.c.o$$Lambda$5581/215844126::test (8 bytes)
Event: 4054.812 Thread 0x00000000183b0000 nmethod 69902 0x000000000822de50 code [0x000000000822dfa0, 0x000000000822e170]

GC Heap History (10 events):
Event: 4050.139 GC heap before
{Heap before GC invocations=172 (full 8):
 PSYoungGen      total 442368K, used 382968K [0x00000000e0000000, 0x00000000ffb00000, 0x0000000100000000)
  eden space 373248K, 100% used [0x00000000e0000000,0x00000000f6c80000,0x00000000f6c80000)
  from space 69120K, 14% used [0x00000000f6c80000,0x00000000f75fe1e8,0x00000000fb000000)
  to   space 65536K, 0% used [0x00000000fbb00000,0x00000000fbb00000,0x00000000ffb00000)
 ParOldGen       total 489984K, used 336719K [0x00000000a0000000, 0x00000000bde80000, 0x00000000e0000000)
  object space 489984K, 68% used [0x00000000a0000000,0x00000000b48d3d48,0x00000000bde80000)
 Metaspace       used 371777K, capacity 391943K, committed 410796K, reserved 1406976K
  class space    used 45823K, capacity 49578K, committed 53420K, reserved 1048576K
Event: 4050.156 GC heap after
Heap after GC invocations=172 (full 8):
 PSYoungGen      total 450560K, used 6817K [0x00000000e0000000, 0x00000000ff680000, 0x0000000100000000)
  eden space 389632K, 0% used [0x00000000e0000000,0x00000000e0000000,0x00000000f7c80000)
  from space 60928K, 11% used [0x00000000fbb00000,0x00000000fc1a8570,0x00000000ff680000)
  to   space 62464K, 0% used [0x00000000f7c80000,0x00000000f7c80000,0x00000000fb980000)
 ParOldGen       total 489984K, used 342936K [0x00000000a0000000, 0x00000000bde80000, 0x00000000e0000000)
  object space 489984K, 69% used [0x00000000a0000000,0x00000000b4ee6228,0x00000000bde80000)
 Metaspace       used 371777K, capacity 391943K, committed 410796K, reserved 1406976K
  class space    used 45823K, capacity 49578K, committed 53420K, reserved 1048576K
}
Event: 4052.609 GC heap before
{Heap before GC invocations=173 (full 8):
 PSYoungGen      total 450560K, used 396449K [0x00000000e0000000, 0x00000000ff680000, 0x0000000100000000)
  eden space 389632K, 100% used [0x00000000e0000000,0x00000000f7c80000,0x00000000f7c80000)
  from space 60928K, 11% used [0x00000000fbb00000,0x00000000fc1a8570,0x00000000ff680000)
  to   space 62464K, 0% used [0x00000000f7c80000,0x00000000f7c80000,0x00000000fb980000)
 ParOldGen       total 489984K, used 342936K [0x00000000a0000000, 0x00000000bde80000, 0x00000000e0000000)
  object space 489984K, 69% used [0x00000000a0000000,0x00000000b4ee6228,0x00000000bde80000)
 Metaspace       used 371825K, capacity 391961K, committed 410796K, reserved 1406976K
  class space    used 45824K, capacity 49579K, committed 53420K, reserved 1048576K
Event: 4052.642 GC heap after
Heap after GC invocations=173 (full 8):
 PSYoungGen      total 452096K, used 17065K [0x00000000e0000000, 0x00000000ff980000, 0x0000000100000000)
  eden space 389632K, 0% used [0x00000000e0000000,0x00000000e0000000,0x00000000f7c80000)
  from space 62464K, 27% used [0x00000000f7c80000,0x00000000f8d2a680,0x00000000fb980000)
  to   space 58368K, 0% used [0x00000000fc080000,0x00000000fc080000,0x00000000ff980000)
 ParOldGen       total 489984K, used 344504K [0x00000000a0000000, 0x00000000bde80000, 0x00000000e0000000)
  object space 489984K, 70% used [0x00000000a0000000,0x00000000b506e248,0x00000000bde80000)
 Metaspace       used 371825K, capacity 391961K, committed 410796K, reserved 1406976K
  class space    used 45824K, capacity 49579K, committed 53420K, reserved 1048576K
}
Event: 4053.443 GC heap before
{Heap before GC invocations=174 (full 8):
 PSYoungGen      total 452096K, used 406697K [0x00000000e0000000, 0x00000000ff980000, 0x0000000100000000)
  eden space 389632K, 100% used [0x00000000e0000000,0x00000000f7c80000,0x00000000f7c80000)
  from space 62464K, 27% used [0x00000000f7c80000,0x00000000f8d2a680,0x00000000fb980000)
  to   space 58368K, 0% used [0x00000000fc080000,0x00000000fc080000,0x00000000ff980000)
 ParOldGen       total 489984K, used 344504K [0x00000000a0000000, 0x00000000bde80000, 0x00000000e0000000)
  object space 489984K, 70% used [0x00000000a0000000,0x00000000b506e248,0x00000000bde80000)
 Metaspace       used 371831K, capacity 391961K, committed 410796K, reserved 1406976K
  class space    used 45824K, capacity 49579K, committed 53420K, reserved 1048576K
Event: 4053.472 GC heap after
Heap after GC invocations=174 (full 8):
 PSYoungGen      total 459776K, used 23534K [0x00000000e0000000, 0x00000000ff800000, 0x0000000100000000)
  eden space 402944K, 0% used [0x00000000e0000000,0x00000000e0000000,0x00000000f8980000)
  from space 56832K, 41% used [0x00000000fc080000,0x00000000fd77b9f0,0x00000000ff800000)
  to   space 56320K, 0% used [0x00000000f8980000,0x00000000f8980000,0x00000000fc080000)
 ParOldGen       total 489984K, used 346367K [0x00000000a0000000, 0x00000000bde80000, 0x00000000e0000000)
  object space 489984K, 70% used [0x00000000a0000000,0x00000000b523fd90,0x00000000bde80000)
 Metaspace       used 371831K, capacity 391961K, committed 410796K, reserved 1406976K
  class space    used 45824K, capacity 49579K, committed 53420K, reserved 1048576K
}
Event: 4054.020 GC heap before
{Heap before GC invocations=175 (full 8):
 PSYoungGen      total 459776K, used 426478K [0x00000000e0000000, 0x00000000ff800000, 0x0000000100000000)
  eden space 402944K, 100% used [0x00000000e0000000,0x00000000f8980000,0x00000000f8980000)
  from space 56832K, 41% used [0x00000000fc080000,0x00000000fd77b9f0,0x00000000ff800000)
  to   space 56320K, 0% used [0x00000000f8980000,0x00000000f8980000,0x00000000fc080000)
 ParOldGen       total 489984K, used 346367K [0x00000000a0000000, 0x00000000bde80000, 0x00000000e0000000)
  object space 489984K, 70% used [0x00000000a0000000,0x00000000b523fd90,0x00000000bde80000)
 Metaspace       used 371838K, capacity 391965K, committed 410796K, reserved 1406976K
  class space    used 45824K, capacity 49579K, committed 53420K, reserved 1048576K
Event: 4054.077 GC heap after
Heap after GC invocations=175 (full 8):
 PSYoungGen      total 459264K, used 8181K [0x00000000e0000000, 0x00000000ffb80000, 0x0000000100000000)
  eden space 402944K, 0% used [0x00000000e0000000,0x00000000e0000000,0x00000000f8980000)
  from space 56320K, 14% used [0x00000000f8980000,0x00000000f917d4c0,0x00000000fc080000)
  to   space 54272K, 0% used [0x00000000fc680000,0x00000000fc680000,0x00000000ffb80000)
 ParOldGen       total 489984K, used 364250K [0x00000000a0000000, 0x00000000bde80000, 0x00000000e0000000)
  object space 489984K, 74% used [0x00000000a0000000,0x00000000b63b68e8,0x00000000bde80000)
 Metaspace       used 371838K, capacity 391965K, committed 410796K, reserved 1406976K
  class space    used 45824K, capacity 49579K, committed 53420K, reserved 1048576K
}
Event: 4054.675 GC heap before
{Heap before GC invocations=176 (full 8):
 PSYoungGen      total 459264K, used 411125K [0x00000000e0000000, 0x00000000ffb80000, 0x0000000100000000)
  eden space 402944K, 100% used [0x00000000e0000000,0x00000000f8980000,0x00000000f8980000)
  from space 56320K, 14% used [0x00000000f8980000,0x00000000f917d4c0,0x00000000fc080000)
  to   space 54272K, 0% used [0x00000000fc680000,0x00000000fc680000,0x00000000ffb80000)
 ParOldGen       total 489984K, used 364250K [0x00000000a0000000, 0x00000000bde80000, 0x00000000e0000000)
  object space 489984K, 74% used [0x00000000a0000000,0x00000000b63b68e8,0x00000000bde80000)
 Metaspace       used 371839K, capacity 391965K, committed 410796K, reserved 1406976K
  class space    used 45824K, capacity 49579K, committed 53420K, reserved 1048576K
Event: 4054.703 GC heap after
Heap after GC invocations=176 (full 8):
 PSYoungGen      total 465920K, used 5859K [0x00000000e0000000, 0x00000000ffa00000, 0x0000000100000000)
  eden space 413184K, 0% used [0x00000000e0000000,0x00000000e0000000,0x00000000f9380000)
  from space 52736K, 11% used [0x00000000fc680000,0x00000000fcc38d20,0x00000000ffa00000)
  to   space 52224K, 0% used [0x00000000f9380000,0x00000000f9380000,0x00000000fc680000)
 ParOldGen       total 489984K, used 368807K [0x00000000a0000000, 0x00000000bde80000, 0x00000000e0000000)
  object space 489984K, 75% used [0x00000000a0000000,0x00000000b6829e30,0x00000000bde80000)
 Metaspace       used 371839K, capacity 391965K, committed 410796K, reserved 1406976K
  class space    used 45824K, capacity 49579K, committed 53420K, reserved 1048576K
}

Deoptimization events (10 events):
Event: 4054.188 Thread 0x0000000032ca2000 Uncommon trap: reason=class_check action=maybe_recompile pc=0x000000000d3f0ffc method=com.android.tools.r8.u.b.O.a(Lcom/android/tools/r8/graph/e;Lcom/android/tools/r8/graph/e0;)Lcom/android/tools/r8/u/a/a; @ 202
Event: 4054.188 Thread 0x0000000032ca2000 Uncommon trap: reason=class_check action=maybe_recompile pc=0x000000000d3f0ffc method=com.android.tools.r8.u.b.O.a(Lcom/android/tools/r8/graph/e;Lcom/android/tools/r8/graph/e0;)Lcom/android/tools/r8/u/a/a; @ 202
Event: 4054.504 Thread 0x0000000032ca2000 Uncommon trap: reason=bimorphic action=maybe_recompile pc=0x000000000d46786c method=com.android.tools.r8.ir.regalloc.f.b()V @ 654
Event: 4054.505 Thread 0x0000000032ca2000 Uncommon trap: reason=bimorphic action=maybe_recompile pc=0x000000000d46786c method=com.android.tools.r8.ir.regalloc.f.b()V @ 654
Event: 4054.506 Thread 0x0000000032ca2000 Uncommon trap: reason=bimorphic action=maybe_recompile pc=0x000000000d46786c method=com.android.tools.r8.ir.regalloc.f.b()V @ 654
Event: 4054.506 Thread 0x0000000032ca2000 Uncommon trap: reason=bimorphic action=maybe_recompile pc=0x000000000d46786c method=com.android.tools.r8.ir.regalloc.f.b()V @ 654
Event: 4054.531 Thread 0x000000001e246000 Uncommon trap: reason=unstable_if action=reinterpret pc=0x000000000a7ce91c method=com.android.tools.r8.u.b.d0.y0()Ljava/util/Set; @ 6
Event: 4054.582 Thread 0x0000000032ca2000 Uncommon trap: reason=null_check action=make_not_entrant pc=0x000000000ce6bfcc method=com.android.tools.r8.graph.d0.computeEquals(Ljava/lang/Object;)Z @ 1
Event: 4054.718 Thread 0x000000001e246000 Uncommon trap: reason=null_assert action=make_not_entrant pc=0x000000000b99a724 method=com.android.tools.r8.u.b.g1.p()Lcom/android/tools/r8/graph/r; @ 4
Event: 4054.772 Thread 0x0000000032ca5000 Uncommon trap: reason=unstable_if action=reinterpret pc=0x000000000c2283b0 method=com.android.tools.r8.u.c.M.a(Lcom/android/tools/r8/graph/S;)Lcom/android/tools/r8/u/b/T; @ 1583

Classes redefined (0 events):
No events

Internal exceptions (10 events):
Event: 4054.524 Thread 0x0000000032ca4800 Exception <a 'sun/nio/fs/WindowsException'> (0x00000000f27c3a38) thrown at [D:\src\AOSP-openjdk-cygwin\jdk8u\hotspot\src\share\vm\prims\jni.cpp, line 710]
Event: 4054.560 Thread 0x0000000032c92000 Exception <a 'sun/nio/fs/WindowsException'> (0x00000000f43ffe70) thrown at [D:\src\AOSP-openjdk-cygwin\jdk8u\hotspot\src\share\vm\prims\jni.cpp, line 710]
Event: 4054.582 Thread 0x0000000032ca2000 Implicit null exception at 0x000000000ce6be4f to 0x000000000ce6bfbd
Event: 4054.598 Thread 0x0000000032ca2000 Exception <a 'sun/nio/fs/WindowsException'> (0x00000000f549ec18) thrown at [D:\src\AOSP-openjdk-cygwin\jdk8u\hotspot\src\share\vm\prims\jni.cpp, line 710]
Event: 4054.610 Thread 0x0000000032ca4800 Exception <a 'sun/nio/fs/WindowsException'> (0x00000000f5cd6c58) thrown at [D:\src\AOSP-openjdk-cygwin\jdk8u\hotspot\src\share\vm\prims\jni.cpp, line 710]
Event: 4054.617 Thread 0x0000000032ca0800 Exception <a 'sun/nio/fs/WindowsException'> (0x00000000e6320758) thrown at [D:\src\AOSP-openjdk-cygwin\jdk8u\hotspot\src\share\vm\prims\jni.cpp, line 710]
Event: 4054.643 Thread 0x0000000032c92000 Exception <a 'sun/nio/fs/WindowsException'> (0x00000000f64611e0) thrown at [D:\src\AOSP-openjdk-cygwin\jdk8u\hotspot\src\share\vm\prims\jni.cpp, line 710]
Event: 4054.645 Thread 0x0000000032ca0800 Exception <a 'sun/nio/fs/WindowsException'> (0x00000000f7a428c0) thrown at [D:\src\AOSP-openjdk-cygwin\jdk8u\hotspot\src\share\vm\prims\jni.cpp, line 710]
Event: 4054.656 Thread 0x0000000032ca2000 Exception <a 'sun/nio/fs/WindowsException'> (0x00000000f7fb88a0) thrown at [D:\src\AOSP-openjdk-cygwin\jdk8u\hotspot\src\share\vm\prims\jni.cpp, line 710]
Event: 4054.772 Thread 0x0000000032ca1800 Exception <a 'sun/nio/fs/WindowsException'> (0x00000000e51e1458) thrown at [D:\src\AOSP-openjdk-cygwin\jdk8u\hotspot\src\share\vm\prims\jni.cpp, line 710]

Events (10 events):
Event: 4054.796 Thread 0x0000000032ca2000 DEOPT PACKING pc=0x000000000d089bc3 sp=0x000000003e32bc30
Event: 4054.796 Thread 0x0000000032ca2000 DEOPT UNPACKING pc=0x00000000027f75d0 sp=0x000000003e32bc18 mode 0
Event: 4054.797 Thread 0x0000000032c9d800 DEOPT PACKING pc=0x000000000c2f05e3 sp=0x0000000039cdc490
Event: 4054.797 Thread 0x0000000032c9d800 DEOPT UNPACKING pc=0x00000000027f75d0 sp=0x0000000039cdc2c8 mode 0
Event: 4054.798 Thread 0x0000000032c9d800 DEOPT PACKING pc=0x000000000d34c543 sp=0x0000000039cdbd30
Event: 4054.798 Thread 0x0000000032c9d800 DEOPT UNPACKING pc=0x00000000027f75d0 sp=0x0000000039cdbd98 mode 0
Event: 4054.799 Thread 0x0000000032c9d800 DEOPT PACKING pc=0x000000000d02147c sp=0x0000000039cdbcb0
Event: 4054.799 Thread 0x0000000032c9d800 DEOPT UNPACKING pc=0x00000000027f75d0 sp=0x0000000039cdba08 mode 0
Event: 4054.809 Thread 0x0000000032ca4800 DEOPT PACKING pc=0x000000000cf60a52 sp=0x00000000395dbbb0
Event: 4054.809 Thread 0x0000000032ca4800 DEOPT UNPACKING pc=0x00000000027f75d0 sp=0x00000000395dba28 mode 0


Dynamic libraries:
0x00007ff799720000 - 0x00007ff799751000 	C:\Program Files\Android\Android Studio\jre\bin\java.exe
0x00007ffe29a00000 - 0x00007ffe29bf0000 	C:\Windows\SYSTEM32\ntdll.dll
0x00007ffe289b0000 - 0x00007ffe28a62000 	C:\Windows\System32\KERNEL32.DLL
0x00007ffe26990000 - 0x00007ffe26c33000 	C:\Windows\System32\KERNELBASE.dll
0x00007ffe27b30000 - 0x00007ffe27bd3000 	C:\Windows\System32\ADVAPI32.dll
0x00007ffe27df0000 - 0x00007ffe27e8e000 	C:\Windows\System32\msvcrt.dll
0x00007ffe28a70000 - 0x00007ffe28b07000 	C:\Windows\System32\sechost.dll
0x00007ffe28890000 - 0x00007ffe289b0000 	C:\Windows\System32\RPCRT4.dll
0x00007ffe28be0000 - 0x00007ffe28d74000 	C:\Windows\System32\USER32.dll
0x00007ffe27790000 - 0x00007ffe277b1000 	C:\Windows\System32\win32u.dll
0x00007ffe29770000 - 0x00007ffe29796000 	C:\Windows\System32\GDI32.dll
0x00007ffe277c0000 - 0x00007ffe27954000 	C:\Windows\System32\gdi32full.dll
0x00007ffe26c70000 - 0x00007ffe26d0e000 	C:\Windows\System32\msvcp_win.dll
0x00007ffe275e0000 - 0x00007ffe276da000 	C:\Windows\System32\ucrtbase.dll
0x00007ffe16c50000 - 0x00007ffe16ed5000 	C:\Windows\WinSxS\amd64_microsoft.windows.common-controls_6595b64144ccf1df_6.0.18362.778_none_e6c6b761130d4fb8\COMCTL32.dll
0x00007ffe280d0000 - 0x00007ffe28406000 	C:\Windows\System32\combase.dll
0x00007ffe26d10000 - 0x00007ffe26d90000 	C:\Windows\System32\bcryptPrimitives.dll
0x00007ffe28e50000 - 0x00007ffe28e7e000 	C:\Windows\System32\IMM32.DLL
0x000000005bd70000 - 0x000000005be42000 	C:\Program Files\Android\Android Studio\jre\jre\bin\msvcr100.dll
0x000000005bf30000 - 0x000000005c776000 	C:\Program Files\Android\Android Studio\jre\jre\bin\server\jvm.dll
0x00007ffe29900000 - 0x00007ffe29908000 	C:\Windows\System32\PSAPI.DLL
0x00007ffe20d60000 - 0x00007ffe20d6a000 	C:\Windows\SYSTEM32\VERSION.dll
0x00007ffe22ab0000 - 0x00007ffe22ab9000 	C:\Windows\SYSTEM32\WSOCK32.dll
0x00007ffe242e0000 - 0x00007ffe24304000 	C:\Windows\SYSTEM32\WINMM.dll
0x00007ffe28ee0000 - 0x00007ffe28f4f000 	C:\Windows\System32\WS2_32.dll
0x00007ffe241b0000 - 0x00007ffe241dd000 	C:\Windows\SYSTEM32\winmmbase.dll
0x00007ffe27590000 - 0x00007ffe275da000 	C:\Windows\System32\cfgmgr32.dll
0x00007ffe21480000 - 0x00007ffe2148f000 	C:\Program Files\Android\Android Studio\jre\jre\bin\verify.dll
0x00007ffe21450000 - 0x00007ffe21479000 	C:\Program Files\Android\Android Studio\jre\jre\bin\java.dll
0x00007ffe21420000 - 0x00007ffe21436000 	C:\Program Files\Android\Android Studio\jre\jre\bin\zip.dll
0x00007ffe28f50000 - 0x00007ffe29635000 	C:\Windows\System32\SHELL32.dll
0x00007ffe296c0000 - 0x00007ffe29769000 	C:\Windows\System32\shcore.dll
0x00007ffe26e10000 - 0x00007ffe27590000 	C:\Windows\System32\windows.storage.dll
0x00007ffe268f0000 - 0x00007ffe26913000 	C:\Windows\System32\profapi.dll
0x00007ffe26940000 - 0x00007ffe2698a000 	C:\Windows\System32\powrprof.dll
0x00007ffe268c0000 - 0x00007ffe268d0000 	C:\Windows\System32\UMPDC.dll
0x00007ffe28e80000 - 0x00007ffe28ed2000 	C:\Windows\System32\shlwapi.dll
0x00007ffe268d0000 - 0x00007ffe268e1000 	C:\Windows\System32\kernel.appcore.dll
0x00007ffe26d90000 - 0x00007ffe26da7000 	C:\Windows\System32\cryptsp.dll
0x00007ffe1f090000 - 0x00007ffe1f0aa000 	C:\Program Files\Android\Android Studio\jre\jre\bin\net.dll
0x00007ffe199d0000 - 0x00007ffe19ba5000 	C:\Windows\SYSTEM32\urlmon.dll
0x00007ffe19720000 - 0x00007ffe199c6000 	C:\Windows\SYSTEM32\iertutil.dll
0x00007ffe262a0000 - 0x00007ffe262ac000 	C:\Windows\SYSTEM32\CRYPTBASE.DLL
0x00007ffe260d0000 - 0x00007ffe26137000 	C:\Windows\system32\mswsock.dll
0x00007ffe1f070000 - 0x00007ffe1f083000 	C:\Program Files\Android\Android Studio\jre\jre\bin\nio.dll
0x00007ffe18300000 - 0x00007ffe18326000 	C:\Users\di\.gradle\native\30\windows-amd64\native-platform.dll
0x00007ffe1f8a0000 - 0x00007ffe1f8ad000 	C:\Program Files\Android\Android Studio\jre\jre\bin\management.dll
0x00007ffe25c40000 - 0x00007ffe25c73000 	C:\Windows\system32\rsaenh.dll
0x00007ffe26c40000 - 0x00007ffe26c66000 	C:\Windows\System32\bcrypt.dll
0x00007ffe267b0000 - 0x00007ffe267d5000 	C:\Windows\SYSTEM32\USERENV.dll
0x00007ffe25de0000 - 0x00007ffe25e1a000 	C:\Windows\SYSTEM32\IPHLPAPI.DLL
0x00007ffe28410000 - 0x00007ffe28418000 	C:\Windows\System32\NSI.dll
0x00007ffe1eba0000 - 0x00007ffe1ebb6000 	C:\Windows\SYSTEM32\dhcpcsvc6.DLL
0x00007ffe1e7a0000 - 0x00007ffe1e7bc000 	C:\Windows\SYSTEM32\dhcpcsvc.DLL
0x00007ffe25e20000 - 0x00007ffe25eea000 	C:\Windows\SYSTEM32\DNSAPI.dll
0x00007ffe18d80000 - 0x00007ffe18da4000 	C:\Program Files\Android\Android Studio\jre\jre\bin\sunec.dll
0x00007ffe19dd0000 - 0x00007ffe19dda000 	C:\Windows\System32\rasadhlp.dll
0x00007ffe1d8c0000 - 0x00007ffe1d937000 	C:\Windows\System32\fwpuclnt.dll
0x00007ffe18e80000 - 0x00007ffe18e8b000 	C:\Program Files\Android\Android Studio\jre\jre\bin\sunmscapi.dll
0x00007ffe27960000 - 0x00007ffe27aa9000 	C:\Windows\System32\CRYPT32.dll
0x00007ffe26920000 - 0x00007ffe26932000 	C:\Windows\System32\MSASN1.dll
0x00007ffe25920000 - 0x00007ffe25951000 	C:\Windows\SYSTEM32\ntmarta.dll
0x00007ffe1f050000 - 0x00007ffe1f066000 	C:\Windows\system32\napinsp.dll
0x00007ffe1f030000 - 0x00007ffe1f04a000 	C:\Windows\system32\pnrpnsp.dll
0x00007ffe1f020000 - 0x00007ffe1f02e000 	C:\Windows\System32\winrnr.dll
0x00007ffe22a20000 - 0x00007ffe22a3c000 	C:\Windows\system32\NLAapi.dll
0x00007ffe05b80000 - 0x00007ffe05b95000 	C:\Windows\system32\wshbth.dll
0x00007ffe24550000 - 0x00007ffe245df000 	C:\Windows\system32\apphelp.dll
0x00007ffde2470000 - 0x00007ffde260c000 	C:\Program Files\Android\Android Studio\jre\jre\bin\awt.dll
0x00007ffe28d80000 - 0x00007ffe28e44000 	C:\Windows\System32\OLEAUT32.dll
0x00007ffe24cc0000 - 0x00007ffe24ced000 	C:\Windows\SYSTEM32\dwmapi.dll
0x00007ffe22dd0000 - 0x00007ffe23390000 	C:\Windows\SYSTEM32\d2d1.dll
0x00007ffe248a0000 - 0x00007ffe24939000 	C:\Windows\system32\uxtheme.dll

VM Arguments:
jvm_args: -Xmx1536m -Dfile.encoding=windows-1251 -Duser.country=RU -Duser.language=ru -Duser.variant 
java_command: org.gradle.launcher.daemon.bootstrap.GradleDaemon 5.6.4
java_class_path (initial): C:\Users\di\.gradle\wrapper\dists\gradle-5.6.4-all\ankdp27end7byghfw1q2sw75f\gradle-5.6.4\lib\gradle-launcher-5.6.4.jar
Launcher Type: SUN_STANDARD

Environment Variables:
PATH=C:\ProgramData\Oracle\Java\javapath;C:\Windows\system32;C:\Windows;C:\Windows\System32\Wbem;C:\Windows\System32\WindowsPowerShell\v1.0\;C:\Windows\System32\OpenSSH\;C:\Program Files\PuTTY\;C:\Program Files (x86)\GtkSharp\2.12\bin;C:\Users\di\AppData\Local\Microsoft\WindowsApps;C:\OSPanel\modules\php\PHP-7.1;C:\Users\di\composer;C:\Users\di\AppData\Roaming\Composer\vendor\bin
USERNAME=di
OS=Windows_NT
PROCESSOR_IDENTIFIER=Intel64 Family 6 Model 126 Stepping 5, GenuineIntel



---------------  S Y S T E M  ---------------

OS: Windows 10.0 , 64 bit Build 18362 (10.0.18362.778)

CPU:total 8 (initial active 8) (4 cores per cpu, 2 threads per core) family 6 model 126 stepping 5, cmov, cx8, fxsr, mmx, sse, sse2, sse3, ssse3, sse4.1, sse4.2, popcnt, avx, avx2, aes, clmul, erms, 3dnowpref, lzcnt, ht, tsc, tscinvbit, bmi1, bmi2, adx

Memory: 4k page, physical 8178816k(511440k free), swap 10275968k(2152k free)

vm_info: OpenJDK 64-Bit Server VM (25.212-b04) for windows-amd64 JRE (1.8.0_212-release-1586-b04), built by "builder" with MS VC++ 10.0 (VS2010)

time: Wed May 06 13:53:28 2020
timezone: RTZ 2 (зима)
elapsed time: 4054 seconds (0d 1h 7m 34s)

