#
# There is insufficient memory for the Java Runtime Environment to continue.
# Native memory allocation (malloc) failed to allocate 1654816 bytes for Chunk::new
# Possible reasons:
#   The system is out of physical RAM or swap space
#   The process is running with CompressedOops enabled, and the Java Heap may be blocking the growth of the native heap
# Possible solutions:
#   Reduce memory load on the system
#   Increase physical memory or swap space
#   Check if swap backing store is full
#   Decrease Java heap size (-Xmx/-Xms)
#   Decrease number of Java threads
#   Decrease Java thread stack sizes (-Xss)
#   Set larger code cache with -XX:ReservedCodeCacheSize=
#   JVM is running with Unscaled Compressed Oops mode in which the Java heap is
#     placed in the first 4GB address space. The Java Heap base address is the
#     maximum limit for the native heap growth. Please use -XX:HeapBaseMinAddress
#     to set the Java Heap base and to place the Java Heap above 4GB virtual address.
# This output file may be truncated or incomplete.
#
#  Out of Memory Error (allocation.cpp:389), pid=6104, tid=0x0000000000001af4
#
# JRE version: OpenJDK Runtime Environment (8.0_212-b04) (build 1.8.0_212-release-1586-b04)
# Java VM: OpenJDK 64-Bit Server VM (25.212-b04 mixed mode windows-amd64 compressed oops)
# Failed to write core dump. Minidumps are not enabled by default on client versions of Windows
#

---------------  T H R E A D  ---------------

Current thread (0x0000000016f1a000):  JavaThread "C2 CompilerThread1" daemon [_thread_in_native, id=6900, stack(0x00000000196f0000,0x00000000197f0000)]

Stack: [0x00000000196f0000,0x00000000197f0000]
[error occurred during error reporting (printing stack bounds), id 0xc0000005]

Native frames: (J=compiled Java code, j=interpreted, Vv=VM code, C=native code)


Current CompileTask:
C2: 344410 20487       4       com.android.tools.r8.graph.c::a (218 bytes)


---------------  P R O C E S S  ---------------

Java Threads: ( => current thread )
  0x0000000021edd800 JavaThread "ForkJoinPool.commonPool-worker-1" daemon [_thread_blocked, id=12840, stack(0x000000002a8f0000,0x000000002a9f0000)]
  0x0000000021ee0000 JavaThread "ForkJoinPool.commonPool-worker-0" daemon [_thread_blocked, id=13964, stack(0x000000002a7f0000,0x000000002a8f0000)]
  0x0000000021ed5800 JavaThread "ForkJoinPool.commonPool-worker-7" daemon [_thread_blocked, id=12700, stack(0x000000002a6f0000,0x000000002a7f0000)]
  0x0000000021ed4000 JavaThread "ForkJoinPool.commonPool-worker-6" daemon [_thread_blocked, id=13252, stack(0x000000002a5f0000,0x000000002a6f0000)]
  0x0000000021ed3000 JavaThread "ForkJoinPool.commonPool-worker-5" daemon [_thread_blocked, id=13352, stack(0x000000002a4f0000,0x000000002a5f0000)]
  0x0000000021eda000 JavaThread "ForkJoinPool.commonPool-worker-4" daemon [_thread_blocked, id=2656, stack(0x000000002a3f0000,0x000000002a4f0000)]
  0x0000000021ed9000 JavaThread "WorkerExecutor Queue Thread 6" [_thread_blocked, id=12156, stack(0x0000000029f90000,0x000000002a090000)]
  0x000000001c055800 JavaThread "WorkerExecutor Queue Thread 5" [_thread_in_Java, id=12180, stack(0x000000002a2f0000,0x000000002a3f0000)]
  0x000000001c04e000 JavaThread "WorkerExecutor Queue Thread 4" [_thread_blocked, id=12736, stack(0x0000000029e90000,0x0000000029f90000)]
  0x000000001c04d000 JavaThread "WorkerExecutor Queue Thread 3" [_thread_blocked, id=15124, stack(0x0000000029d90000,0x0000000029e90000)]
  0x000000001c053000 JavaThread "WorkerExecutor Queue Thread 2" [_thread_blocked, id=12500, stack(0x0000000029c90000,0x0000000029d90000)]
  0x000000001c052800 JavaThread "WorkerExecutor Queue" [_thread_blocked, id=8020, stack(0x0000000029b90000,0x0000000029c90000)]
  0x000000001c051800 JavaThread "Cache worker for Java compile cache (C:\Users\di\Downloads\excel-help-android-master\PromoApp\.gradle\5.6.4\javaCompile)" [_thread_blocked, id=11376, stack(0x0000000029090000,0x0000000029190000)]
  0x000000001c048800 JavaThread "Cache worker for execution history cache (C:\Users\di\Downloads\excel-help-android-master\PromoApp\.gradle\5.6.4\executionHistory)" [_thread_blocked, id=7396, stack(0x0000000028d40000,0x0000000028e40000)]
  0x000000001c04e800 JavaThread "Execution worker for ':' Thread 7" [_thread_blocked, id=5840, stack(0x0000000028c40000,0x0000000028d40000)]
  0x000000001c04a000 JavaThread "Execution worker for ':' Thread 6" [_thread_blocked, id=9516, stack(0x0000000028b40000,0x0000000028c40000)]
  0x000000001c049800 JavaThread "Execution worker for ':' Thread 5" [_thread_blocked, id=10688, stack(0x0000000028a40000,0x0000000028b40000)]
  0x000000001c04b000 JavaThread "Execution worker for ':' Thread 4" [_thread_blocked, id=8688, stack(0x0000000028740000,0x0000000028840000)]
  0x000000001c047000 JavaThread "Execution worker for ':' Thread 3" [_thread_blocked, id=12256, stack(0x0000000028520000,0x0000000028620000)]
  0x000000001f28a000 JavaThread "Execution worker for ':' Thread 2" [_thread_blocked, id=12068, stack(0x0000000027f60000,0x0000000028060000)]
  0x000000001f28c000 JavaThread "Execution worker for ':'" [_thread_blocked, id=12888, stack(0x0000000027d20000,0x0000000027e20000)]
  0x000000001f289000 JavaThread "Cache worker for file content cache (C:\Users\di\Downloads\excel-help-android-master\PromoApp\.gradle\5.6.4\fileContent)" [_thread_blocked, id=14856, stack(0x0000000027e60000,0x0000000027f60000)]
  0x000000001f28a800 JavaThread "Cache worker for Build Output Cleanup Cache (C:\Users\di\Downloads\excel-help-android-master\PromoApp\.gradle\buildOutputCleanup)" [_thread_blocked, id=14208, stack(0x0000000027c20000,0x0000000027d20000)]
  0x000000001f28d000 JavaThread "Build operations Thread 8" [_thread_blocked, id=13508, stack(0x00000000276a0000,0x00000000277a0000)]
  0x000000001f287800 JavaThread "Build operations Thread 7" [_thread_blocked, id=6540, stack(0x0000000025ed0000,0x0000000025fd0000)]
  0x000000001f28b800 JavaThread "Build operations Thread 6" [_thread_blocked, id=12716, stack(0x0000000024cb0000,0x0000000024db0000)]
  0x000000001f287000 JavaThread "Build operations Thread 5" [_thread_blocked, id=9236, stack(0x00000000237e0000,0x00000000238e0000)]
  0x000000001f288800 JavaThread "Build operations Thread 4" [_thread_blocked, id=14044, stack(0x00000000236e0000,0x00000000237e0000)]
  0x000000001f27f800 JavaThread "Build operations Thread 3" [_thread_blocked, id=11648, stack(0x00000000235e0000,0x00000000236e0000)]
  0x000000001f286000 JavaThread "Build operations Thread 2" [_thread_blocked, id=532, stack(0x00000000234e0000,0x00000000235e0000)]
  0x000000001f285800 JavaThread "Build operations" [_thread_blocked, id=3232, stack(0x00000000233e0000,0x00000000234e0000)]
  0x000000001f281000 JavaThread "Cache worker for cache directory md-rule (C:\Users\di\.gradle\caches\5.6.4\md-rule)" [_thread_blocked, id=8808, stack(0x00000000232e0000,0x00000000233e0000)]
  0x000000001f280000 JavaThread "Cache worker for cache directory md-supplier (C:\Users\di\.gradle\caches\5.6.4\md-supplier)" [_thread_blocked, id=12164, stack(0x00000000231e0000,0x00000000232e0000)]
  0x000000001f27e000 JavaThread "Cache worker for file hash cache (C:\Users\di\Downloads\excel-help-android-master\PromoApp\.gradle\5.6.4\fileHashes)" [_thread_blocked, id=4568, stack(0x00000000216f0000,0x00000000217f0000)]
  0x000000001f282800 JavaThread "Thread-175" [_thread_blocked, id=3956, stack(0x000000001fdc0000,0x000000001fec0000)]
  0x000000001f284800 JavaThread "Stdin handler" [_thread_blocked, id=2412, stack(0x000000001d320000,0x000000001d420000)]
  0x000000001f281800 JavaThread "Asynchronous log dispatcher for DefaultDaemonConnection: socket connection from /127.0.0.1:57436 to /127.0.0.1:58230" [_thread_blocked, id=14644, stack(0x000000001d220000,0x000000001d320000)]
  0x000000001f27e800 JavaThread "Cancel handler" [_thread_blocked, id=9996, stack(0x000000001ce20000,0x000000001cf20000)]
  0x000000001f284000 JavaThread "Handler for socket connection from /127.0.0.1:57436 to /127.0.0.1:58230" [_thread_in_native, id=11652, stack(0x000000001cd20000,0x000000001ce20000)]
  0x000000001f283000 JavaThread "ForkJoinPool.commonPool-worker-3" daemon [_thread_blocked, id=14912, stack(0x000000002ab60000,0x000000002ac60000)]
  0x0000000022988000 JavaThread "Daemon worker Thread 3" [_thread_blocked, id=14932, stack(0x000000001d120000,0x000000001d220000)]
  0x0000000022985000 JavaThread "Daemon Thread 3" [_thread_blocked, id=7568, stack(0x0000000001380000,0x0000000001480000)]
  0x0000000022986800 JavaThread "Cache worker for Java compile cache (C:\Users\di\.gradle\caches\5.6.4\javaCompile)" [_thread_blocked, id=9468, stack(0x0000000028640000,0x0000000028740000)]
  0x0000000021ed8800 JavaThread "Cache worker for file content cache (C:\Users\di\.gradle\caches\5.6.4\fileContent)" [_thread_blocked, id=12468, stack(0x0000000025dd0000,0x0000000025ed0000)]
  0x0000000021ed7800 JavaThread "Memory manager" [_thread_blocked, id=1076, stack(0x0000000024fb0000,0x00000000250b0000)]
  0x0000000019e6d800 JavaThread "Cache worker for execution history cache (C:\Users\di\.gradle\caches\5.6.4\executionHistory)" [_thread_blocked, id=10984, stack(0x0000000022c00000,0x0000000022d00000)]
  0x0000000019e68000 JavaThread "Cache worker for journal cache (C:\Users\di\.gradle\caches\journal-1)" [_thread_blocked, id=2804, stack(0x000000001db20000,0x000000001dc20000)]
  0x0000000019e69000 JavaThread "File lock request listener" [_thread_in_native, id=15076, stack(0x000000001da20000,0x000000001db20000)]
  0x000000001b04a800 JavaThread "Cache worker for file hash cache (C:\Users\di\.gradle\caches\5.6.4\fileHashes)" [_thread_blocked, id=10104, stack(0x000000001d920000,0x000000001da20000)]
  0x000000001b712000 JavaThread "Daemon periodic checks" [_thread_blocked, id=2284, stack(0x000000001cc20000,0x000000001cd20000)]
  0x000000001b715000 JavaThread "Incoming local TCP Connector on port 57436" [_thread_in_native, id=13396, stack(0x000000001c9d0000,0x000000001cad0000)]
  0x000000001b633800 JavaThread "Daemon health stats" [_thread_blocked, id=3512, stack(0x000000001c390000,0x000000001c490000)]
  0x0000000018dab800 JavaThread "Service Thread" daemon [_thread_blocked, id=15224, stack(0x00000000199f0000,0x0000000019af0000)]
  0x0000000018d1b000 JavaThread "C1 CompilerThread3" daemon [_thread_blocked, id=8428, stack(0x00000000198f0000,0x00000000199f0000)]
  0x0000000016f1d800 JavaThread "C2 CompilerThread2" daemon [_thread_in_native, id=13360, stack(0x00000000197f0000,0x00000000198f0000)]
=>0x0000000016f1a000 JavaThread "C2 CompilerThread1" daemon [_thread_in_native, id=6900, stack(0x00000000196f0000,0x00000000197f0000)]
  0x0000000016f18000 JavaThread "C2 CompilerThread0" daemon [_thread_in_native, id=2500, stack(0x00000000195f0000,0x00000000196f0000)]
  0x0000000018d15000 JavaThread "Attach Listener" daemon [_thread_blocked, id=6768, stack(0x00000000194f0000,0x00000000195f0000)]
  0x0000000018d13800 JavaThread "Signal Dispatcher" daemon [_thread_blocked, id=3424, stack(0x00000000193f0000,0x00000000194f0000)]
  0x0000000018d01800 JavaThread "Finalizer" daemon [_thread_blocked, id=13892, stack(0x00000000191e0000,0x00000000192e0000)]
  0x0000000018d00800 JavaThread "Reference Handler" daemon [_thread_blocked, id=552, stack(0x00000000190e0000,0x00000000191e0000)]
  0x0000000002f4d800 JavaThread "main" [_thread_blocked, id=13284, stack(0x0000000002f50000,0x0000000003050000)]

Other Threads:
  0x0000000016f08000 VMThread [stack: 0x0000000018be0000,0x0000000018ce0000] [id=4596]
  0x0000000018dac800 WatcherThread [stack: 0x0000000019af0000,0x0000000019bf0000] [id=13988]

VM state:not at safepoint (normal execution)

VM Mutex/Monitor currently owned by a thread: None

heap address: 0x00000000a0000000, size: 1536 MB, Compressed Oops mode: 32-bit
Narrow klass base: 0x0000000000000000, Narrow klass shift: 3
Compressed class space size: 1073741824 Address: 0x0000000100000000

Heap:
 PSYoungGen      total 372224K, used 95016K [0x00000000e0000000, 0x00000000ff600000, 0x0000000100000000)
  eden space 297472K, 6% used [0x00000000e0000000,0x00000000e13cf7d0,0x00000000f2280000)
  from space 74752K, 99% used [0x00000000f8000000,0x00000000fc8fa8f8,0x00000000fc900000)
  to   space 95744K, 0% used [0x00000000f2280000,0x00000000f2280000,0x00000000f8000000)
 ParOldGen       total 275456K, used 172099K [0x00000000a0000000, 0x00000000b0d00000, 0x00000000e0000000)
  object space 275456K, 62% used [0x00000000a0000000,0x00000000aa810fe0,0x00000000b0d00000)
 Metaspace       used 93391K, capacity 98409K, committed 99392K, reserved 1134592K
  class space    used 12223K, capacity 13175K, committed 13400K, reserved 1048576K

Card table byte_map: [0x0000000012510000,0x0000000012820000] byte_map_base: 0x0000000012010000

Marking Bits: (ParMarkBitMap*) 0x000000005b359f30
 Begin Bits: [0x0000000013220000, 0x0000000014a20000)
 End Bits:   [0x0000000014a20000, 0x0000000016220000)

Polling page: 0x0000000000de0000

CodeCache: size=245760Kb used=58782Kb max_used=58793Kb free=186977Kb
 bounds [0x0000000003150000, 0x0000000006b20000, 0x0000000012150000]
 total_blobs=17532 nmethods=16637 adapters=806
 compilation: enabled

Compilation events (10 events):
Event: 344.396 Thread 0x0000000016f1d800 nmethod 20482 0x00000000059071d0 code [0x0000000005907320, 0x00000000059076f8]
Event: 344.396 Thread 0x0000000016f1d800 20483       4       com.android.tools.r8.graph.c::a (40 bytes)
Event: 344.397 Thread 0x0000000016f1d800 nmethod 20483 0x0000000004fdea90 code [0x0000000004fdebe0, 0x0000000004fdecc8]
Event: 344.397 Thread 0x0000000016f1d800 20486       4       java.util.Collections$UnmodifiableMap::get (11 bytes)
Event: 344.397 Thread 0x0000000016f1d800 nmethod 20486 0x00000000046c4a10 code [0x00000000046c4b40, 0x00000000046c4bb8]
Event: 344.397 Thread 0x0000000016f1d800 20489       4       com.android.tools.r8.graph.g0::a (57 bytes)
Event: 344.398 Thread 0x0000000016f1d800 nmethod 20489 0x0000000004fde710 code [0x0000000004fde860, 0x0000000004fde958]
Event: 344.398 Thread 0x0000000016f1d800 20484       4       com.android.tools.r8.graph.c$a::a (109 bytes)
Event: 344.398 Thread 0x0000000016f1d800 nmethod 20484 0x00000000037214d0 code [0x0000000003721600, 0x0000000003721678]
Event: 344.398 Thread 0x0000000016f1d800 20485       4       com.android.tools.r8.graph.c::b (41 bytes)

GC Heap History (10 events):
Event: 342.352 GC heap before
{Heap before GC invocations=24 (full 3):
 PSYoungGen      total 280576K, used 223605K [0x00000000e0000000, 0x00000000f4100000, 0x0000000100000000)
  eden space 251904K, 79% used [0x00000000e0000000,0x00000000ec48a328,0x00000000ef600000)
  from space 28672K, 77% used [0x00000000f2500000,0x00000000f3ad30e0,0x00000000f4100000)
  to   space 38400K, 0% used [0x00000000ef600000,0x00000000ef600000,0x00000000f1b80000)
 ParOldGen       total 160768K, used 102234K [0x00000000a0000000, 0x00000000a9d00000, 0x00000000e0000000)
  object space 160768K, 63% used [0x00000000a0000000,0x00000000a63d6b98,0x00000000a9d00000)
 Metaspace       used 92748K, capacity 98333K, committed 98496K, reserved 1134592K
  class space    used 12248K, capacity 13272K, committed 13272K, reserved 1048576K
Event: 342.375 GC heap after
Heap after GC invocations=24 (full 3):
 PSYoungGen      total 290304K, used 29174K [0x00000000e0000000, 0x00000000f5800000, 0x0000000100000000)
  eden space 251904K, 0% used [0x00000000e0000000,0x00000000e0000000,0x00000000ef600000)
  from space 38400K, 75% used [0x00000000ef600000,0x00000000f127da38,0x00000000f1b80000)
  to   space 39936K, 0% used [0x00000000f3100000,0x00000000f3100000,0x00000000f5800000)
 ParOldGen       total 160768K, used 102242K [0x00000000a0000000, 0x00000000a9d00000, 0x00000000e0000000)
  object space 160768K, 63% used [0x00000000a0000000,0x00000000a63d8b98,0x00000000a9d00000)
 Metaspace       used 92748K, capacity 98333K, committed 98496K, reserved 1134592K
  class space    used 12248K, capacity 13272K, committed 13272K, reserved 1048576K
}
Event: 342.375 GC heap before
{Heap before GC invocations=25 (full 4):
 PSYoungGen      total 290304K, used 29174K [0x00000000e0000000, 0x00000000f5800000, 0x0000000100000000)
  eden space 251904K, 0% used [0x00000000e0000000,0x00000000e0000000,0x00000000ef600000)
  from space 38400K, 75% used [0x00000000ef600000,0x00000000f127da38,0x00000000f1b80000)
  to   space 39936K, 0% used [0x00000000f3100000,0x00000000f3100000,0x00000000f5800000)
 ParOldGen       total 160768K, used 102242K [0x00000000a0000000, 0x00000000a9d00000, 0x00000000e0000000)
  object space 160768K, 63% used [0x00000000a0000000,0x00000000a63d8b98,0x00000000a9d00000)
 Metaspace       used 92748K, capacity 98333K, committed 98496K, reserved 1134592K
  class space    used 12248K, capacity 13272K, committed 13272K, reserved 1048576K
Event: 342.586 GC heap after
Heap after GC invocations=25 (full 4):
 PSYoungGen      total 290304K, used 0K [0x00000000e0000000, 0x00000000f5800000, 0x0000000100000000)
  eden space 251904K, 0% used [0x00000000e0000000,0x00000000e0000000,0x00000000ef600000)
  from space 38400K, 0% used [0x00000000ef600000,0x00000000ef600000,0x00000000f1b80000)
  to   space 39936K, 0% used [0x00000000f3100000,0x00000000f3100000,0x00000000f5800000)
 ParOldGen       total 275456K, used 90433K [0x00000000a0000000, 0x00000000b0d00000, 0x00000000e0000000)
  object space 275456K, 32% used [0x00000000a0000000,0x00000000a5850428,0x00000000b0d00000)
 Metaspace       used 92246K, capacity 96953K, committed 98496K, reserved 1134592K
  class space    used 12083K, capacity 12978K, committed 13272K, reserved 1048576K
}
Event: 343.061 GC heap before
{Heap before GC invocations=26 (full 4):
 PSYoungGen      total 290304K, used 251904K [0x00000000e0000000, 0x00000000f5800000, 0x0000000100000000)
  eden space 251904K, 100% used [0x00000000e0000000,0x00000000ef600000,0x00000000ef600000)
  from space 38400K, 0% used [0x00000000ef600000,0x00000000ef600000,0x00000000f1b80000)
  to   space 39936K, 0% used [0x00000000f3100000,0x00000000f3100000,0x00000000f5800000)
 ParOldGen       total 275456K, used 90433K [0x00000000a0000000, 0x00000000b0d00000, 0x00000000e0000000)
  object space 275456K, 32% used [0x00000000a0000000,0x00000000a5850428,0x00000000b0d00000)
 Metaspace       used 92524K, capacity 97257K, committed 98880K, reserved 1134592K
  class space    used 12112K, capacity 12985K, committed 13400K, reserved 1048576K
Event: 343.094 GC heap after
Heap after GC invocations=26 (full 4):
 PSYoungGen      total 293376K, used 39924K [0x00000000e0000000, 0x00000000f9080000, 0x0000000100000000)
  eden space 253440K, 0% used [0x00000000e0000000,0x00000000e0000000,0x00000000ef780000)
  from space 39936K, 99% used [0x00000000f3100000,0x00000000f57fd010,0x00000000f5800000)
  to   space 58880K, 0% used [0x00000000ef780000,0x00000000ef780000,0x00000000f3100000)
 ParOldGen       total 275456K, used 126912K [0x00000000a0000000, 0x00000000b0d00000, 0x00000000e0000000)
  object space 275456K, 46% used [0x00000000a0000000,0x00000000a7bf0140,0x00000000b0d00000)
 Metaspace       used 92524K, capacity 97257K, committed 98880K, reserved 1134592K
  class space    used 12112K, capacity 12985K, committed 13400K, reserved 1048576K
}
Event: 343.405 GC heap before
{Heap before GC invocations=27 (full 4):
 PSYoungGen      total 293376K, used 293364K [0x00000000e0000000, 0x00000000f9080000, 0x0000000100000000)
  eden space 253440K, 100% used [0x00000000e0000000,0x00000000ef780000,0x00000000ef780000)
  from space 39936K, 99% used [0x00000000f3100000,0x00000000f57fd010,0x00000000f5800000)
  to   space 58880K, 0% used [0x00000000ef780000,0x00000000ef780000,0x00000000f3100000)
 ParOldGen       total 275456K, used 126912K [0x00000000a0000000, 0x00000000b0d00000, 0x00000000e0000000)
  object space 275456K, 46% used [0x00000000a0000000,0x00000000a7bf0140,0x00000000b0d00000)
 Metaspace       used 92584K, capacity 97295K, committed 98880K, reserved 1134592K
  class space    used 12118K, capacity 12990K, committed 13400K, reserved 1048576K
Event: 343.456 GC heap after
Heap after GC invocations=27 (full 4):
 PSYoungGen      total 312320K, used 58861K [0x00000000e0000000, 0x00000000fc900000, 0x0000000100000000)
  eden space 253440K, 0% used [0x00000000e0000000,0x00000000e0000000,0x00000000ef780000)
  from space 58880K, 99% used [0x00000000ef780000,0x00000000f30fb650,0x00000000f3100000)
  to   space 74752K, 0% used [0x00000000f8000000,0x00000000f8000000,0x00000000fc900000)
 ParOldGen       total 275456K, used 146861K [0x00000000a0000000, 0x00000000b0d00000, 0x00000000e0000000)
  object space 275456K, 53% used [0x00000000a0000000,0x00000000a8f6b5b0,0x00000000b0d00000)
 Metaspace       used 92584K, capacity 97295K, committed 98880K, reserved 1134592K
  class space    used 12118K, capacity 12990K, committed 13400K, reserved 1048576K
}
Event: 344.306 GC heap before
{Heap before GC invocations=28 (full 4):
 PSYoungGen      total 312320K, used 312301K [0x00000000e0000000, 0x00000000fc900000, 0x0000000100000000)
  eden space 253440K, 100% used [0x00000000e0000000,0x00000000ef780000,0x00000000ef780000)
  from space 58880K, 99% used [0x00000000ef780000,0x00000000f30fb650,0x00000000f3100000)
  to   space 74752K, 0% used [0x00000000f8000000,0x00000000f8000000,0x00000000fc900000)
 ParOldGen       total 275456K, used 146861K [0x00000000a0000000, 0x00000000b0d00000, 0x00000000e0000000)
  object space 275456K, 53% used [0x00000000a0000000,0x00000000a8f6b5b0,0x00000000b0d00000)
 Metaspace       used 93389K, capacity 98409K, committed 99392K, reserved 1134592K
  class space    used 12223K, capacity 13175K, committed 13400K, reserved 1048576K
Event: 344.389 GC heap after
Heap after GC invocations=28 (full 4):
 PSYoungGen      total 372224K, used 74730K [0x00000000e0000000, 0x00000000ff600000, 0x0000000100000000)
  eden space 297472K, 0% used [0x00000000e0000000,0x00000000e0000000,0x00000000f2280000)
  from space 74752K, 99% used [0x00000000f8000000,0x00000000fc8fa8f8,0x00000000fc900000)
  to   space 95744K, 0% used [0x00000000f2280000,0x00000000f2280000,0x00000000f8000000)
 ParOldGen       total 275456K, used 172099K [0x00000000a0000000, 0x00000000b0d00000, 0x00000000e0000000)
  object space 275456K, 62% used [0x00000000a0000000,0x00000000aa810fe0,0x00000000b0d00000)
 Metaspace       used 93389K, capacity 98409K, committed 99392K, reserved 1134592K
  class space    used 12223K, capacity 13175K, committed 13400K, reserved 1048576K
}

Deoptimization events (10 events):
Event: 344.081 Thread 0x000000001c055800 Uncommon trap: reason=class_check action=maybe_recompile pc=0x0000000006231584 method=com.android.tools.r8.graph.e0.collectIndexedItems(Lcom/android/tools/r8/dex/q;Lcom/android/tools/r8/graph/Y;I)V @ 2
Event: 344.081 Thread 0x000000001c055800 Uncommon trap: reason=class_check action=maybe_recompile pc=0x0000000006231584 method=com.android.tools.r8.graph.e0.collectIndexedItems(Lcom/android/tools/r8/dex/q;Lcom/android/tools/r8/graph/Y;I)V @ 2
Event: 344.081 Thread 0x000000001c055800 Uncommon trap: reason=class_check action=maybe_recompile pc=0x000000000626de5c method=com.android.tools.r8.graph.T.collectIndexedItems(Lcom/android/tools/r8/dex/q;Lcom/android/tools/r8/graph/Y;I)V @ 2
Event: 344.087 Thread 0x000000001c055800 Uncommon trap: reason=class_check action=maybe_recompile pc=0x000000000626de5c method=com.android.tools.r8.graph.T.collectIndexedItems(Lcom/android/tools/r8/dex/q;Lcom/android/tools/r8/graph/Y;I)V @ 2
Event: 344.157 Thread 0x000000001c055800 Uncommon trap: reason=class_check action=maybe_recompile pc=0x0000000006855748 method=com.android.tools.r8.u.c.M.g()Z @ 20
Event: 344.157 Thread 0x000000001c055800 Uncommon trap: reason=class_check action=maybe_recompile pc=0x0000000006855748 method=com.android.tools.r8.u.c.M.g()Z @ 20
Event: 344.157 Thread 0x000000001c055800 Uncommon trap: reason=class_check action=maybe_recompile pc=0x0000000006855748 method=com.android.tools.r8.u.c.M.g()Z @ 20
Event: 344.157 Thread 0x000000001c055800 Uncommon trap: reason=class_check action=maybe_recompile pc=0x0000000006855748 method=com.android.tools.r8.u.c.M.g()Z @ 20
Event: 344.256 Thread 0x000000001c055800 Uncommon trap: reason=class_check action=maybe_recompile pc=0x000000000626de5c method=com.android.tools.r8.graph.T.collectIndexedItems(Lcom/android/tools/r8/dex/q;Lcom/android/tools/r8/graph/Y;I)V @ 2
Event: 344.257 Thread 0x000000001c055800 Uncommon trap: reason=class_check action=maybe_recompile pc=0x000000000626de5c method=com.android.tools.r8.graph.T.collectIndexedItems(Lcom/android/tools/r8/dex/q;Lcom/android/tools/r8/graph/Y;I)V @ 2

Classes redefined (0 events):
No events

Internal exceptions (10 events):
Event: 342.195 Thread 0x000000001c04d000 Exception <a 'sun/nio/fs/WindowsException'> (0x00000000e97efef0) thrown at [D:\src\AOSP-openjdk-cygwin\jdk8u\hotspot\src\share\vm\prims\jni.cpp, line 710]
Event: 342.197 Thread 0x000000001c04d000 Exception <a 'sun/nio/fs/WindowsException'> (0x00000000e97f7628) thrown at [D:\src\AOSP-openjdk-cygwin\jdk8u\hotspot\src\share\vm\prims\jni.cpp, line 710]
Event: 342.198 Thread 0x000000001c04d000 Exception <a 'sun/nio/fs/WindowsException'> (0x00000000e9904d80) thrown at [D:\src\AOSP-openjdk-cygwin\jdk8u\hotspot\src\share\vm\prims\jni.cpp, line 710]
Event: 342.200 Thread 0x000000001c04d000 Exception <a 'sun/nio/fs/WindowsException'> (0x00000000e990c4c0) thrown at [D:\src\AOSP-openjdk-cygwin\jdk8u\hotspot\src\share\vm\prims\jni.cpp, line 710]
Event: 342.202 Thread 0x000000001c04d000 Exception <a 'sun/nio/fs/WindowsException'> (0x00000000e9913be8) thrown at [D:\src\AOSP-openjdk-cygwin\jdk8u\hotspot\src\share\vm\prims\jni.cpp, line 710]
Event: 342.235 Thread 0x000000001c04b000 Exception <a 'java/lang/NoSuchMethodError': <clinit>> (0x00000000e9e3a568) thrown at [D:\src\AOSP-openjdk-cygwin\jdk8u\hotspot\src\share\vm\prims\jni.cpp, line 1614]
Event: 343.644 Thread 0x000000001c055800 Implicit null exception at 0x00000000069bdf30 to 0x00000000069c68ed
Event: 344.087 Thread 0x000000001c055800 Exception <a 'java/lang/NoSuchMethodError': java.lang.Object.c(Ljava/util/Set;Lcom/android/tools/r8/graph/S;)V> (0x00000000ecd78cb8) thrown at [D:\src\AOSP-openjdk-cygwin\jdk8u\hotspot\src\share\vm\interpreter\linkResolver.cpp, line 620]
Event: 344.088 Thread 0x000000001c055800 Exception <a 'java/lang/NoSuchMethodError': java.lang.Object.b(Ljava/util/Set;Lcom/android/tools/r8/graph/S;)V> (0x00000000ecd7bf98) thrown at [D:\src\AOSP-openjdk-cygwin\jdk8u\hotspot\src\share\vm\interpreter\linkResolver.cpp, line 620]
Event: 344.101 Thread 0x000000001c055800 Exception <a 'java/lang/NoSuchMethodError': java.lang.Object.a(Ljava/util/Set;Lcom/android/tools/r8/graph/S;)V> (0x00000000ece88430) thrown at [D:\src\AOSP-openjdk-cygwin\jdk8u\hotspot\src\share\vm\interpreter\linkResolver.cpp, line 620]

Events (10 events):
Event: 344.260 loading class com/android/tools/r8/graph/c
Event: 344.260 loading class com/android/tools/r8/graph/c done
Event: 344.261 loading class com/android/tools/r8/graph/e0
Event: 344.261 loading class com/android/tools/r8/graph/e0 done
Event: 344.261 loading class com/android/tools/r8/graph/u
Event: 344.261 loading class com/android/tools/r8/graph/u done
Event: 344.261 loading class com/android/tools/r8/shaking/MainDexListBuilder
Event: 344.261 loading class com/android/tools/r8/shaking/MainDexListBuilder done
Event: 344.306 Executing VM operation: ParallelGCFailedAllocation
Event: 344.389 Executing VM operation: ParallelGCFailedAllocation done


Dynamic libraries:
0x00007ff68ebe0000 - 0x00007ff68ec11000 	C:\Program Files\Android\Android Studio\jre\bin\java.exe
0x00007ffcab600000 - 0x00007ffcab7f0000 	C:\Windows\SYSTEM32\ntdll.dll
0x00007ffcab4d0000 - 0x00007ffcab582000 	C:\Windows\System32\KERNEL32.DLL
0x00007ffca8730000 - 0x00007ffca89d4000 	C:\Windows\System32\KERNELBASE.dll
0x00007ffca9d10000 - 0x00007ffca9db3000 	C:\Windows\System32\ADVAPI32.dll
0x00007ffcab2d0000 - 0x00007ffcab36e000 	C:\Windows\System32\msvcrt.dll
0x00007ffcab080000 - 0x00007ffcab117000 	C:\Windows\System32\sechost.dll
0x00007ffcaa350000 - 0x00007ffcaa470000 	C:\Windows\System32\RPCRT4.dll
0x00007ffca9f30000 - 0x00007ffcaa0c4000 	C:\Windows\System32\USER32.dll
0x00007ffca8c30000 - 0x00007ffca8c51000 	C:\Windows\System32\win32u.dll
0x00007ffca9e90000 - 0x00007ffca9eb6000 	C:\Windows\System32\GDI32.dll
0x00007ffca8c80000 - 0x00007ffca8e14000 	C:\Windows\System32\gdi32full.dll
0x00007ffca8690000 - 0x00007ffca872e000 	C:\Windows\System32\msvcp_win.dll
0x00007ffca8590000 - 0x00007ffca868a000 	C:\Windows\System32\ucrtbase.dll
0x00007ffc97de0000 - 0x00007ffc98064000 	C:\Windows\WinSxS\amd64_microsoft.windows.common-controls_6595b64144ccf1df_6.0.18362.836_none_e6c4b943130f18ed\COMCTL32.dll
0x00007ffcaa650000 - 0x00007ffcaa986000 	C:\Windows\System32\combase.dll
0x00007ffca8e80000 - 0x00007ffca8f00000 	C:\Windows\System32\bcryptPrimitives.dll
0x00007ffcab1d0000 - 0x00007ffcab1fe000 	C:\Windows\System32\IMM32.DLL
0x000000005b870000 - 0x000000005b942000 	C:\Program Files\Android\Android Studio\jre\jre\bin\msvcr100.dll
0x000000005ab90000 - 0x000000005b3d6000 	C:\Program Files\Android\Android Studio\jre\jre\bin\server\jvm.dll
0x00007ffcab590000 - 0x00007ffcab598000 	C:\Windows\System32\PSAPI.DLL
0x00007ffca0d90000 - 0x00007ffca0d99000 	C:\Windows\SYSTEM32\WSOCK32.dll
0x00007ffca5ea0000 - 0x00007ffca5ec4000 	C:\Windows\SYSTEM32\WINMM.dll
0x00007ffca2950000 - 0x00007ffca295a000 	C:\Windows\SYSTEM32\VERSION.dll
0x00007ffcaa130000 - 0x00007ffcaa19f000 	C:\Windows\System32\WS2_32.dll
0x00007ffca5ca0000 - 0x00007ffca5ccd000 	C:\Windows\SYSTEM32\WINMMBASE.dll
0x00007ffca8be0000 - 0x00007ffca8c2a000 	C:\Windows\System32\cfgmgr32.dll
0x00007ffca4750000 - 0x00007ffca475f000 	C:\Program Files\Android\Android Studio\jre\jre\bin\verify.dll
0x00007ffca0b10000 - 0x00007ffca0b39000 	C:\Program Files\Android\Android Studio\jre\jre\bin\java.dll
0x00007ffca08d0000 - 0x00007ffca08e6000 	C:\Program Files\Android\Android Studio\jre\jre\bin\zip.dll
0x00007ffcaa990000 - 0x00007ffcab074000 	C:\Windows\System32\SHELL32.dll
0x00007ffcab120000 - 0x00007ffcab1c9000 	C:\Windows\System32\shcore.dll
0x00007ffca8f30000 - 0x00007ffca96ae000 	C:\Windows\System32\windows.storage.dll
0x00007ffca84f0000 - 0x00007ffca8513000 	C:\Windows\System32\profapi.dll
0x00007ffca8540000 - 0x00007ffca858a000 	C:\Windows\System32\powrprof.dll
0x00007ffca84c0000 - 0x00007ffca84d0000 	C:\Windows\System32\UMPDC.dll
0x00007ffca9ec0000 - 0x00007ffca9f12000 	C:\Windows\System32\shlwapi.dll
0x00007ffca84d0000 - 0x00007ffca84e1000 	C:\Windows\System32\kernel.appcore.dll
0x00007ffca8c60000 - 0x00007ffca8c77000 	C:\Windows\System32\cryptsp.dll
0x00007ffca0220000 - 0x00007ffca023a000 	C:\Program Files\Android\Android Studio\jre\jre\bin\net.dll
0x00007ffc995f0000 - 0x00007ffc997c6000 	C:\Windows\SYSTEM32\urlmon.dll
0x00007ffc992f0000 - 0x00007ffc99596000 	C:\Windows\SYSTEM32\iertutil.dll
0x00007ffca7ea0000 - 0x00007ffca7eac000 	C:\Windows\SYSTEM32\CRYPTBASE.DLL
0x00007ffca7cd0000 - 0x00007ffca7d37000 	C:\Windows\system32\mswsock.dll
0x00007ffc9f8b0000 - 0x00007ffc9f8c3000 	C:\Program Files\Android\Android Studio\jre\jre\bin\nio.dll
0x00007ffc9aa80000 - 0x00007ffc9aaa6000 	C:\Users\di\.gradle\native\30\windows-amd64\native-platform.dll
0x00007ffca0da0000 - 0x00007ffca0dad000 	C:\Program Files\Android\Android Studio\jre\jre\bin\management.dll
0x00007ffca7840000 - 0x00007ffca7873000 	C:\Windows\system32\rsaenh.dll
0x00007ffca8f00000 - 0x00007ffca8f26000 	C:\Windows\System32\bcrypt.dll
0x00007ffca83b0000 - 0x00007ffca83d5000 	C:\Windows\SYSTEM32\USERENV.dll
0x00007ffca79e0000 - 0x00007ffca7a1a000 	C:\Windows\SYSTEM32\IPHLPAPI.DLL
0x00007ffca9f20000 - 0x00007ffca9f28000 	C:\Windows\System32\NSI.dll
0x00007ffca0e80000 - 0x00007ffca0e96000 	C:\Windows\SYSTEM32\dhcpcsvc6.DLL
0x00007ffc9f730000 - 0x00007ffc9f74c000 	C:\Windows\SYSTEM32\dhcpcsvc.DLL
0x00007ffca7a20000 - 0x00007ffca7aeb000 	C:\Windows\SYSTEM32\DNSAPI.dll
0x00007ffc9ac10000 - 0x00007ffc9ac34000 	C:\Program Files\Android\Android Studio\jre\jre\bin\sunec.dll
0x00007ffc9ed40000 - 0x00007ffc9ed4a000 	C:\Windows\System32\rasadhlp.dll
0x00007ffc9f010000 - 0x00007ffc9f087000 	C:\Windows\System32\fwpuclnt.dll
0x00007ffca0bf0000 - 0x00007ffca0bfb000 	C:\Program Files\Android\Android Studio\jre\jre\bin\sunmscapi.dll
0x00007ffca89e0000 - 0x00007ffca8b29000 	C:\Windows\System32\CRYPT32.dll
0x00007ffca8520000 - 0x00007ffca8532000 	C:\Windows\System32\MSASN1.dll

VM Arguments:
jvm_args: -Xmx1536m -Dfile.encoding=windows-1251 -Duser.country=RU -Duser.language=ru -Duser.variant 
java_command: org.gradle.launcher.daemon.bootstrap.GradleDaemon 5.6.4
java_class_path (initial): C:\Users\di\.gradle\wrapper\dists\gradle-5.6.4-all\ankdp27end7byghfw1q2sw75f\gradle-5.6.4\lib\gradle-launcher-5.6.4.jar
Launcher Type: SUN_STANDARD

Environment Variables:
PATH=C:\Program Files (x86)\Common Files\Intel\Shared Libraries\redist\intel64\compiler;C:\ProgramData\Oracle\Java\javapath;C:\Windows\system32;C:\Windows;C:\Windows\System32\Wbem;C:\Windows\System32\WindowsPowerShell\v1.0\;C:\Windows\System32\OpenSSH\;C:\Program Files\PuTTY\;C:\Program Files (x86)\GtkSharp\2.12\bin;C:\Program Files (x86)\QuickTime\QTSystem\;C:\Program Files\wget;C:\Users\di\AppData\Local\Microsoft\WindowsApps;C:\OSPanel\modules\php\PHP-7.1;C:\Users\di\composer;C:\Users\di\AppData\Roaming\Composer\vendor\bin
USERNAME=di
OS=Windows_NT
PROCESSOR_IDENTIFIER=Intel64 Family 6 Model 126 Stepping 5, GenuineIntel



---------------  S Y S T E M  ---------------

OS: Windows 10.0 , 64 bit Build 18362 (10.0.18362.778)

CPU:total 8 (initial active 8) (4 cores per cpu, 2 threads per core) family 6 model 126 stepping 5, cmov, cx8, fxsr, mmx, sse, sse2, sse3, ssse3, sse4.1, sse4.2, popcnt, avx, avx2, aes, clmul, erms, 3dnowpref, lzcnt, ht, tsc, tscinvbit, bmi1, bmi2, adx

Memory: 4k page, physical 8178816k(1771828k free), swap 9398432k(6276k free)

vm_info: OpenJDK 64-Bit Server VM (25.212-b04) for windows-amd64 JRE (1.8.0_212-release-1586-b04), built by "builder" with MS VC++ 10.0 (VS2010)

time: Sun May 24 13:59:08 2020
timezone: RTZ 2 (зима)
elapsed time: 344 seconds (0d 0h 5m 44s)

